<?xml version="1.0" encoding="UTF-8"?>
<testsuite xmlns:xsi="http://www.w3.org/2001/XMLSchema-instance" xsi:schemaLocation="https://maven.apache.org/surefire/maven-surefire-plugin/xsd/surefire-test-report.xsd" name="org.apache.commons.csv.CSVParserTest" time="0.001" tests="67" errors="0" skipped="3" failures="0">
  <properties>
[...]
</properties>
  <testcase name="testBackslashEscapingOld" classname="org.apache.commons.csv.CSVParserTest" time="0">
    <skipped/>
  </testcase>
  <testcase name="testStartWithEmptyLinesThenHeaders" classname="org.apache.commons.csv.CSVParserTest" time="0">
    <skipped/>
  </testcase>
  <testcase name="testExcelHeaderCountLessThanData" classname="org.apache.commons.csv.CSVParserTest" time="0"/>
  <testcase name="testMultipleIterators" classname="org.apache.commons.csv.CSVParserTest" time="0"/>
  <testcase name="testHeaderComment" classname="org.apache.commons.csv.CSVParserTest" time="0"/>
  <testcase name="testDefaultFormat" classname="org.apache.commons.csv.CSVParserTest" time="0"/>
  <testcase name="testGetRecordPositionWithCRLF" classname="org.apache.commons.csv.CSVParserTest" time="0"/>
  <testcase name="testHeaderMissing" classname="org.apache.commons.csv.CSVParserTest" time="0"/>
  <testcase name="testTrailingDelimiter" classname="org.apache.commons.csv.CSVParserTest" time="0"/>
  <testcase name="testBOM" classname="org.apache.commons.csv.CSVParserTest" time="0">
    <skipped message="CSV-107"/>
  </testcase>
  <testcase name="testProvidedHeaderAuto" classname="org.apache.commons.csv.CSVParserTest" time="0"/>
  <testcase name="testGetRecordWithMultiLineValues" classname="org.apache.commons.csv.CSVParserTest" time="0"/>
  <testcase name="testParseNullStringFormat" classname="org.apache.commons.csv.CSVParserTest" time="0"/>
  <testcase name="testSkipSetAltHeaders" classname="org.apache.commons.csv.CSVParserTest" time="0"/>
  <testcase name="testGetRecordNumberWithCR" classname="org.apache.commons.csv.CSVParserTest" time="0"/>
  <testcase name="testGetRecordNumberWithLF" classname="org.apache.commons.csv.CSVParserTest" time="0"/>
  <testcase name="testCSV57" classname="org.apache.commons.csv.CSVParserTest" time="0"/>
  <testcase name="testClose" classname="org.apache.commons.csv.CSVParserTest" time="0"/>
  <testcase name="testTrim" classname="org.apache.commons.csv.CSVParserTest" time="0"/>
  <testcase name="testGetLineNumberWithCR" classname="org.apache.commons.csv.CSVParserTest" time="0"/>
  <testcase name="testGetLineNumberWithLF" classname="org.apache.commons.csv.CSVParserTest" time="0"/>
  <testcase name="testParserUrlNullCharsetFormat" classname="org.apache.commons.csv.CSVParserTest" time="0"/>
  <testcase name="testForEach" classname="org.apache.commons.csv.CSVParserTest" time="0"/>
  <testcase name="testGetOneLine" classname="org.apache.commons.csv.CSVParserTest" time="0"/>
  <testcase name="testGetLineNumberWithCRLF" classname="org.apache.commons.csv.CSVParserTest" time="0"/>
  <testcase name="testCarriageReturnLineFeedEndings" classname="org.apache.commons.csv.CSVParserTest" time="0"/>
  <testcase name="testGetRecordNumberWithCRLF" classname="org.apache.commons.csv.CSVParserTest" time="0"/>
  <testcase name="testParseUrlCharsetNullFormat" classname="org.apache.commons.csv.CSVParserTest" time="0"/>
  <testcase name="testEmptyFile" classname="org.apache.commons.csv.CSVParserTest" time="0"/>
  <testcase name="testCarriageReturnEndings" classname="org.apache.commons.csv.CSVParserTest" time="0"/>
  <testcase name="testGetLine" classname="org.apache.commons.csv.CSVParserTest" time="0"/>
  <testcase name="testIgnoreCaseHeaderMapping" classname="org.apache.commons.csv.CSVParserTest" time="0"/>
  <testcase name="testGetRecordPositionWithLF" classname="org.apache.commons.csv.CSVParserTest" time="0"/>
  <testcase name="testGetOneLineOneParser" classname="org.apache.commons.csv.CSVParserTest" time="0"/>
  <testcase name="testHeadersMissingException" classname="org.apache.commons.csv.CSVParserTest" time="0"/>
  <testcase name="testProvidedHeader" classname="org.apache.commons.csv.CSVParserTest" time="0"/>
  <testcase name="testSkipHeaderOverrideDuplicateHeaders" classname="org.apache.commons.csv.CSVParserTest" time="0"/>
  <testcase name="testParseNullUrlCharsetFormat" classname="org.apache.commons.csv.CSVParserTest" time="0"/>
  <testcase name="testInvalidFormat" classname="org.apache.commons.csv.CSVParserTest" time="0"/>
  <testcase name="testBackslashEscaping2" classname="org.apache.commons.csv.CSVParserTest" time="0"/>
  <testcase name="testExcelFormat1" classname="org.apache.commons.csv.CSVParserTest" time="0"/>
  <testcase name="testExcelFormat2" classname="org.apache.commons.csv.CSVParserTest" time="0"/>
  <testcase name="testEndOfFileBehaviourExcel" classname="org.apache.commons.csv.CSVParserTest" time="0"/>
  <testcase name="testRoundtrip" classname="org.apache.commons.csv.CSVParserTest" time="0"/>
  <testcase name="testNoHeaderMap" classname="org.apache.commons.csv.CSVParserTest" time="0"/>
  <testcase name="testParseFileNullFormat" classname="org.apache.commons.csv.CSVParserTest" time="0"/>
  <testcase name="testGetHeaderMap" classname="org.apache.commons.csv.CSVParserTest" time="0"/>
  <testcase name="testBackslashEscaping" classname="org.apache.commons.csv.CSVParserTest" time="0"/>
  <testcase name="testLineFeedEndings" classname="org.apache.commons.csv.CSVParserTest" time="0"/>
  <testcase name="testMappedButNotSetAsOutlook2007ContactExport" classname="org.apache.commons.csv.CSVParserTest" time="0"/>
  <testcase name="testEmptyLineBehaviourCSV" classname="org.apache.commons.csv.CSVParserTest" time="0"/>
  <testcase name="testSkipSetHeader" classname="org.apache.commons.csv.CSVParserTest" time="0"/>
  <testcase name="testHeaderMissingWithNull" classname="org.apache.commons.csv.CSVParserTest" time="0"/>
  <testcase name="testIgnoreEmptyLines" classname="org.apache.commons.csv.CSVParserTest" time="0"/>
  <testcase name="testEndOfFileBehaviorCSV" classname="org.apache.commons.csv.CSVParserTest" time="0"/>
  <testcase name="testNewCSVParserNullReaderFormat" classname="org.apache.commons.csv.CSVParserTest" time="0"/>
  <testcase name="testParseStringNullFormat" classname="org.apache.commons.csv.CSVParserTest" time="0"/>
  <testcase name="testEmptyLineBehaviourExcel" classname="org.apache.commons.csv.CSVParserTest" time="0"/>
  <testcase name="testHeader" classname="org.apache.commons.csv.CSVParserTest" time="0"/>
  <testcase name="testGetRecords" classname="org.apache.commons.csv.CSVParserTest" time="0"/>
  <testcase name="testHeadersMissing" classname="org.apache.commons.csv.CSVParserTest" time="0"/>
  <testcase name="testBOMInputStream" classname="org.apache.commons.csv.CSVParserTest" time="0"/>
  <testcase name="testDuplicateHeaders" classname="org.apache.commons.csv.CSVParserTest" time="0"/>
  <testcase name="testIterator" classname="org.apache.commons.csv.CSVParserTest" time="0"/>
  <testcase name="testParseNullFileFormat" classname="org.apache.commons.csv.CSVParserTest" time="0"/>
  <testcase name="testSkipAutoHeader" classname="org.apache.commons.csv.CSVParserTest" time="0"/>
  <testcase name="testNewCSVParserReaderNullFormat" classname="org.apache.commons.csv.CSVParserTest" time="0"/>
</testsuite>