<?xml version="1.0" encoding="UTF-8"?>
<testsuite xmlns:xsi="http://www.w3.org/2001/XMLSchema-instance" xsi:schemaLocation="https://maven.apache.org/surefire/maven-surefire-plugin/xsd/surefire-test-report.xsd" name="org.apache.commons.lang3.ValidateTest" time="0.009" tests="67" errors="0" skipped="0" failures="0">
  <properties>
[...]
</properties>
  <testcase name="testNotBlankNotBlankStringWithNewlinesShouldNotThrow" classname="org.apache.commons.lang3.ValidateTest" time="0"/>
  <testcase name="testNotNull1" classname="org.apache.commons.lang3.ValidateTest" time="0"/>
  <testcase name="testNotNull2" classname="org.apache.commons.lang3.ValidateTest" time="0"/>
  <testcase name="testNotBlankNullStringShouldThrow" classname="org.apache.commons.lang3.ValidateTest" time="0"/>
  <testcase name="testNotBlankMsgEmptyStringShouldThrow" classname="org.apache.commons.lang3.ValidateTest" time="0"/>
  <testcase name="testIsAssignableExceptionMessage" classname="org.apache.commons.lang3.ValidateTest" time="0"/>
  <testcase name="testValidIndex_array" classname="org.apache.commons.lang3.ValidateTest" time="0"/>
  <testcase name="testExclusiveBetweenDouble" classname="org.apache.commons.lang3.ValidateTest" time="0"/>
  <testcase name="testFinite1" classname="org.apache.commons.lang3.ValidateTest" time="0"/>
  <testcase name="testFinite2" classname="org.apache.commons.lang3.ValidateTest" time="0"/>
  <testcase name="testNotBlankMsgBlankStringShouldThrow" classname="org.apache.commons.lang3.ValidateTest" time="0"/>
  <testcase name="testValidIndex_charSequence" classname="org.apache.commons.lang3.ValidateTest" time="0"/>
  <testcase name="testValidIndex_withMessage_collection" classname="org.apache.commons.lang3.ValidateTest" time="0"/>
  <testcase name="testNotBlankReturnValues1" classname="org.apache.commons.lang3.ValidateTest" time="0"/>
  <testcase name="testNotBlankReturnValues2" classname="org.apache.commons.lang3.ValidateTest" time="0"/>
  <testcase name="testInclusiveBetween_withMessage" classname="org.apache.commons.lang3.ValidateTest" time="0"/>
  <testcase name="testMatchesPattern" classname="org.apache.commons.lang3.ValidateTest" time="0"/>
  <testcase name="testNotEmptyMap1" classname="org.apache.commons.lang3.ValidateTest" time="0"/>
  <testcase name="testNotEmptyMap2" classname="org.apache.commons.lang3.ValidateTest" time="0"/>
  <testcase name="testInclusiveBetweenLong" classname="org.apache.commons.lang3.ValidateTest" time="0"/>
  <testcase name="testIsInstanceOf" classname="org.apache.commons.lang3.ValidateTest" time="0"/>
  <testcase name="testIsInstanceOf_withMessageArgs" classname="org.apache.commons.lang3.ValidateTest" time="0"/>
  <testcase name="testValidIndex_withMessage_charSequence" classname="org.apache.commons.lang3.ValidateTest" time="0"/>
  <testcase name="testNotBlankBlankStringWithNewlinesShouldThrow" classname="org.apache.commons.lang3.ValidateTest" time="0"/>
  <testcase name="testNotBlankMsgNotBlankStringWithWhitespacesShouldNotThrow" classname="org.apache.commons.lang3.ValidateTest" time="0"/>
  <testcase name="testNotBlankNotBlankStringShouldNotThrow" classname="org.apache.commons.lang3.ValidateTest" time="0"/>
  <testcase name="testIsAssignable" classname="org.apache.commons.lang3.ValidateTest" time="0"/>
  <testcase name="testExclusiveBetweenLong_withMessage" classname="org.apache.commons.lang3.ValidateTest" time="0"/>
  <testcase name="testNotBlankMsgNotBlankStringShouldNotThrow" classname="org.apache.commons.lang3.ValidateTest" time="0"/>
  <testcase name="testValidIndex_withMessage_array" classname="org.apache.commons.lang3.ValidateTest" time="0"/>
  <testcase name="testNoNullElementsCollection1" classname="org.apache.commons.lang3.ValidateTest" time="0"/>
  <testcase name="testNoNullElementsCollection2" classname="org.apache.commons.lang3.ValidateTest" time="0"/>
  <testcase name="testExclusiveBetween" classname="org.apache.commons.lang3.ValidateTest" time="0"/>
  <testcase name="testInclusiveBetween" classname="org.apache.commons.lang3.ValidateTest" time="0"/>
  <testcase name="testNotBlankEmptyStringShouldThrow" classname="org.apache.commons.lang3.ValidateTest" time="0"/>
  <testcase name="testExclusiveBetweenDouble_withMessage" classname="org.apache.commons.lang3.ValidateTest" time="0"/>
  <testcase name="testNotBlankMsgNullStringShouldThrow" classname="org.apache.commons.lang3.ValidateTest" time="0"/>
  <testcase name="testNotBlankMsgNotBlankStringWithNewlinesShouldNotThrow" classname="org.apache.commons.lang3.ValidateTest" time="0"/>
  <testcase name="testIsAssignable_withMessage" classname="org.apache.commons.lang3.ValidateTest" time="0"/>
  <testcase name="testNotEmptyString1" classname="org.apache.commons.lang3.ValidateTest" time="0.008"/>
  <testcase name="testNotEmptyString2" classname="org.apache.commons.lang3.ValidateTest" time="0"/>
  <testcase name="testNotEmptyCollection1" classname="org.apache.commons.lang3.ValidateTest" time="0"/>
  <testcase name="testNotEmptyCollection2" classname="org.apache.commons.lang3.ValidateTest" time="0"/>
  <testcase name="testInclusiveBetweenDouble_withMessage" classname="org.apache.commons.lang3.ValidateTest" time="0"/>
  <testcase name="testNotBlankMsgBlankStringWithWhitespacesShouldThrow" classname="org.apache.commons.lang3.ValidateTest" time="0"/>
  <testcase name="testNotEmptyArray1" classname="org.apache.commons.lang3.ValidateTest" time="0"/>
  <testcase name="testNotEmptyArray2" classname="org.apache.commons.lang3.ValidateTest" time="0"/>
  <testcase name="testValidIndex_collection" classname="org.apache.commons.lang3.ValidateTest" time="0.001"/>
  <testcase name="testMatchesPattern_withMessage" classname="org.apache.commons.lang3.ValidateTest" time="0"/>
  <testcase name="testInclusiveBetweenDouble" classname="org.apache.commons.lang3.ValidateTest" time="0"/>
  <testcase name="testInclusiveBetweenLong_withMessage" classname="org.apache.commons.lang3.ValidateTest" time="0"/>
  <testcase name="testNotBlankNotBlankStringWithWhitespacesShouldNotThrow" classname="org.apache.commons.lang3.ValidateTest" time="0"/>
  <testcase name="testExclusiveBetweenLong" classname="org.apache.commons.lang3.ValidateTest" time="0"/>
  <testcase name="testIsInstanceOfExceptionMessage" classname="org.apache.commons.lang3.ValidateTest" time="0"/>
  <testcase name="testIsTrue1" classname="org.apache.commons.lang3.ValidateTest" time="0"/>
  <testcase name="testIsTrue2" classname="org.apache.commons.lang3.ValidateTest" time="0"/>
  <testcase name="testIsTrue3" classname="org.apache.commons.lang3.ValidateTest" time="0"/>
  <testcase name="testIsTrue4" classname="org.apache.commons.lang3.ValidateTest" time="0"/>
  <testcase name="testIsTrue5" classname="org.apache.commons.lang3.ValidateTest" time="0"/>
  <testcase name="testExclusiveBetween_withMessage" classname="org.apache.commons.lang3.ValidateTest" time="0"/>
  <testcase name="testNotNaN1" classname="org.apache.commons.lang3.ValidateTest" time="0"/>
  <testcase name="testNotNaN2" classname="org.apache.commons.lang3.ValidateTest" time="0"/>
  <testcase name="testNotBlankBlankStringWithWhitespacesShouldThrow" classname="org.apache.commons.lang3.ValidateTest" time="0"/>
  <testcase name="testConstructor" classname="org.apache.commons.lang3.ValidateTest" time="0"/>
  <testcase name="testIsInstanceOf_withMessage" classname="org.apache.commons.lang3.ValidateTest" time="0"/>
  <testcase name="testNoNullElementsArray1" classname="org.apache.commons.lang3.ValidateTest" time="0"/>
  <testcase name="testNoNullElementsArray2" classname="org.apache.commons.lang3.ValidateTest" time="0"/>
</testsuite>