<?xml version="1.0" encoding="UTF-8"?>
<testsuite xmlns:xsi="http://www.w3.org/2001/XMLSchema-instance" xsi:schemaLocation="https://maven.apache.org/surefire/maven-surefire-plugin/xsd/surefire-test-report.xsd" name="org.apache.commons.lang3.builder.ToStringBuilderTest" time="0.018" tests="74" errors="0" skipped="1" failures="0">
  <properties>
[...]
</properties>
  <testcase name="test_setUpToClass_valid" classname="org.apache.commons.lang3.builder.ToStringBuilderTest" time="0"/>
  <testcase name="testCharArray" classname="org.apache.commons.lang3.builder.ToStringBuilderTest" time="0"/>
  <testcase name="testReflectionHierarchyArrayList" classname="org.apache.commons.lang3.builder.ToStringBuilderTest" time="0">
    <skipped/>
  </testcase>
  <testcase name="testReflectionNull" classname="org.apache.commons.lang3.builder.ToStringBuilderTest" time="0"/>
  <testcase name="testDoubleArrayArray" classname="org.apache.commons.lang3.builder.ToStringBuilderTest" time="0"/>
  <testcase name="testReflectionBoolean" classname="org.apache.commons.lang3.builder.ToStringBuilderTest" time="0"/>
  <testcase name="testObjectArray" classname="org.apache.commons.lang3.builder.ToStringBuilderTest" time="0"/>
  <testcase name="testObjectBuild" classname="org.apache.commons.lang3.builder.ToStringBuilderTest" time="0"/>
  <testcase name="testObjectCycle" classname="org.apache.commons.lang3.builder.ToStringBuilderTest" time="0.001"/>
  <testcase name="testReflectionHierarchy" classname="org.apache.commons.lang3.builder.ToStringBuilderTest" time="0.004"/>
  <testcase name="testSelfInstanceTwoVarsReflectionObjectCycle" classname="org.apache.commons.lang3.builder.ToStringBuilderTest" time="0.001"/>
  <testcase name="testAppendToStringUsingMultiLineStyle" classname="org.apache.commons.lang3.builder.ToStringBuilderTest" time="0"/>
  <testcase name="testShortArrayArray" classname="org.apache.commons.lang3.builder.ToStringBuilderTest" time="0"/>
  <testcase name="testBooleanArrayArray" classname="org.apache.commons.lang3.builder.ToStringBuilderTest" time="0"/>
  <testcase name="testFloatArray" classname="org.apache.commons.lang3.builder.ToStringBuilderTest" time="0"/>
  <testcase name="testInt" classname="org.apache.commons.lang3.builder.ToStringBuilderTest" time="0.001"/>
  <testcase name="testByteArray" classname="org.apache.commons.lang3.builder.ToStringBuilderTest" time="0"/>
  <testcase name="testReflectionArrayCycle" classname="org.apache.commons.lang3.builder.ToStringBuilderTest" time="0"/>
  <testcase name="testReflectionLongArrayArray" classname="org.apache.commons.lang3.builder.ToStringBuilderTest" time="0"/>
  <testcase name="testBlank" classname="org.apache.commons.lang3.builder.ToStringBuilderTest" time="0"/>
  <testcase name="testFloat" classname="org.apache.commons.lang3.builder.ToStringBuilderTest" time="0"/>
  <testcase name="testShort" classname="org.apache.commons.lang3.builder.ToStringBuilderTest" time="0"/>
  <testcase name="testReflectionArrayArrayCycle" classname="org.apache.commons.lang3.builder.ToStringBuilderTest" time="0"/>
  <testcase name="testByte" classname="org.apache.commons.lang3.builder.ToStringBuilderTest" time="0"/>
  <testcase name="testChar" classname="org.apache.commons.lang3.builder.ToStringBuilderTest" time="0"/>
  <testcase name="testLong" classname="org.apache.commons.lang3.builder.ToStringBuilderTest" time="0.001"/>
  <testcase name="testReflectionFloatArray" classname="org.apache.commons.lang3.builder.ToStringBuilderTest" time="0"/>
  <testcase name="testLongArrayArray" classname="org.apache.commons.lang3.builder.ToStringBuilderTest" time="0"/>
  <testcase name="test_setUpToClass_invalid" classname="org.apache.commons.lang3.builder.ToStringBuilderTest" time="0"/>
  <testcase name="testBoolean" classname="org.apache.commons.lang3.builder.ToStringBuilderTest" time="0.001"/>
  <testcase name="testReflectionDoubleArrayArray" classname="org.apache.commons.lang3.builder.ToStringBuilderTest" time="0"/>
  <testcase name="testReflectionBooleanArray" classname="org.apache.commons.lang3.builder.ToStringBuilderTest" time="0"/>
  <testcase name="testReflectionInteger" classname="org.apache.commons.lang3.builder.ToStringBuilderTest" time="0"/>
  <testcase name="testBooleanArray" classname="org.apache.commons.lang3.builder.ToStringBuilderTest" time="0"/>
  <testcase name="testFloatArrayArray" classname="org.apache.commons.lang3.builder.ToStringBuilderTest" time="0"/>
  <testcase name="testReflectionyteArray" classname="org.apache.commons.lang3.builder.ToStringBuilderTest" time="0"/>
  <testcase name="testReflectionDoubleArray" classname="org.apache.commons.lang3.builder.ToStringBuilderTest" time="0"/>
  <testcase name="testReflectionIntArrayArray" classname="org.apache.commons.lang3.builder.ToStringBuilderTest" time="0"/>
  <testcase name="testSimpleReflectionStatics" classname="org.apache.commons.lang3.builder.ToStringBuilderTest" time="0.001"/>
  <testcase name="testReflectionStatics" classname="org.apache.commons.lang3.builder.ToStringBuilderTest" time="0.001"/>
  <testcase name="testReflectionLongArray" classname="org.apache.commons.lang3.builder.ToStringBuilderTest" time="0"/>
  <testcase name="testReflectionhortArrayArray" classname="org.apache.commons.lang3.builder.ToStringBuilderTest" time="0"/>
  <testcase name="testConstructorEx1" classname="org.apache.commons.lang3.builder.ToStringBuilderTest" time="0"/>
  <testcase name="testConstructorEx2" classname="org.apache.commons.lang3.builder.ToStringBuilderTest" time="0"/>
  <testcase name="testConstructorEx3" classname="org.apache.commons.lang3.builder.ToStringBuilderTest" time="0"/>
  <testcase name="testReflectionObjectArray" classname="org.apache.commons.lang3.builder.ToStringBuilderTest" time="0"/>
  <testcase name="testReflectionObjectCycle" classname="org.apache.commons.lang3.builder.ToStringBuilderTest" time="0.001"/>
  <testcase name="testReflectionBooleanArrayArray" classname="org.apache.commons.lang3.builder.ToStringBuilderTest" time="0"/>
  <testcase name="testLongArray" classname="org.apache.commons.lang3.builder.ToStringBuilderTest" time="0"/>
  <testcase name="testSimpleReflectionObjectCycle" classname="org.apache.commons.lang3.builder.ToStringBuilderTest" time="0"/>
  <testcase name="testShortArray" classname="org.apache.commons.lang3.builder.ToStringBuilderTest" time="0"/>
  <testcase name="testIntArrayArray" classname="org.apache.commons.lang3.builder.ToStringBuilderTest" time="0"/>
  <testcase name="testInheritedReflectionStatics" classname="org.apache.commons.lang3.builder.ToStringBuilderTest" time="0.001"/>
  <testcase name="testReflectionByteArrayArray" classname="org.apache.commons.lang3.builder.ToStringBuilderTest" time="0"/>
  <testcase name="testReflectionArrayCycleLevel2" classname="org.apache.commons.lang3.builder.ToStringBuilderTest" time="0"/>
  <testcase name="testAppendToString" classname="org.apache.commons.lang3.builder.ToStringBuilderTest" time="0"/>
  <testcase name="testReflectionArrayAndObjectCycle" classname="org.apache.commons.lang3.builder.ToStringBuilderTest" time="0"/>
  <testcase name="testSetDefaultEx" classname="org.apache.commons.lang3.builder.ToStringBuilderTest" time="0"/>
  <testcase name="testReflectionCharArrayArray" classname="org.apache.commons.lang3.builder.ToStringBuilderTest" time="0"/>
  <testcase name="testIntArray" classname="org.apache.commons.lang3.builder.ToStringBuilderTest" time="0"/>
  <testcase name="testDouble" classname="org.apache.commons.lang3.builder.ToStringBuilderTest" time="0"/>
  <testcase name="testByteArrayArray" classname="org.apache.commons.lang3.builder.ToStringBuilderTest" time="0.001"/>
  <testcase name="testReflectionShortArray" classname="org.apache.commons.lang3.builder.ToStringBuilderTest" time="0"/>
  <testcase name="testCharArrayArray" classname="org.apache.commons.lang3.builder.ToStringBuilderTest" time="0"/>
  <testcase name="testSelfInstanceVarReflectionObjectCycle" classname="org.apache.commons.lang3.builder.ToStringBuilderTest" time="0"/>
  <testcase name="testObject" classname="org.apache.commons.lang3.builder.ToStringBuilderTest" time="0"/>
  <testcase name="testAppendSuper" classname="org.apache.commons.lang3.builder.ToStringBuilderTest" time="0"/>
  <testcase name="testReflectionIntArray" classname="org.apache.commons.lang3.builder.ToStringBuilderTest" time="0"/>
  <testcase name="testReflectionCharArray" classname="org.apache.commons.lang3.builder.ToStringBuilderTest" time="0"/>
  <testcase name="testGetSetDefault" classname="org.apache.commons.lang3.builder.ToStringBuilderTest" time="0"/>
  <testcase name="testInnerClassReflection" classname="org.apache.commons.lang3.builder.ToStringBuilderTest" time="0"/>
  <testcase name="testReflectionCharacter" classname="org.apache.commons.lang3.builder.ToStringBuilderTest" time="0.001"/>
  <testcase name="testDoubleArray" classname="org.apache.commons.lang3.builder.ToStringBuilderTest" time="0"/>
  <testcase name="testReflectionFloatArrayArray" classname="org.apache.commons.lang3.builder.ToStringBuilderTest" time="0"/>
</testsuite>