<?xml version="1.0" encoding="UTF-8"?>
<testsuite xmlns:xsi="http://www.w3.org/2001/XMLSchema-instance" xsi:schemaLocation="https://maven.apache.org/surefire/maven-surefire-plugin/xsd/surefire-test-report.xsd" name="org.apache.commons.csv.CSVFormatTest" time="0.003" tests="45" errors="45" skipped="0" failures="0">
  <properties>
[...]
</properties>
  <testcase name="initializationError" classname="org.apache.commons.csv.CSVFormatTest" time="0.001">
    <error message="Method testEqualsIgnoreSurroundingSpaces() should not be static" type="java.lang.Exception">java.lang.Exception: Method testEqualsIgnoreSurroundingSpaces() should not be static
</error>
  </testcase>
  <testcase name="initializationError" classname="org.apache.commons.csv.CSVFormatTest" time="0">
    <error message="Method testEqualsCommentStart() should not be static" type="java.lang.Exception">java.lang.Exception: Method testEqualsCommentStart() should not be static
</error>
  </testcase>
  <testcase name="initializationError" classname="org.apache.commons.csv.CSVFormatTest" time="0">
    <error message="Method testWithDelimiter() should not be static" type="java.lang.Exception">java.lang.Exception: Method testWithDelimiter() should not be static
</error>
  </testcase>
  <testcase name="initializationError" classname="org.apache.commons.csv.CSVFormatTest" time="0">
    <error message="Method testQuotePolicyNoneWithoutEscapeThrowsException() should not be static" type="java.lang.Exception">java.lang.Exception: Method testQuotePolicyNoneWithoutEscapeThrowsException() should not be static
</error>
  </testcase>
  <testcase name="initializationError" classname="org.apache.commons.csv.CSVFormatTest" time="0">
    <error message="Method testWithQuoteLFThrowsException() should not be static" type="java.lang.Exception">java.lang.Exception: Method testWithQuoteLFThrowsException() should not be static
</error>
  </testcase>
  <testcase name="initializationError" classname="org.apache.commons.csv.CSVFormatTest" time="0">
    <error message="Method testWithFirstRecordAsHeader() should not be static" type="java.lang.Exception">java.lang.Exception: Method testWithFirstRecordAsHeader() should not be static
</error>
  </testcase>
  <testcase name="initializationError" classname="org.apache.commons.csv.CSVFormatTest" time="0">
    <error message="Method testSerialization() should not be static" type="java.lang.Exception">java.lang.Exception: Method testSerialization() should not be static
</error>
  </testcase>
  <testcase name="initializationError" classname="org.apache.commons.csv.CSVFormatTest" time="0">
    <error message="Method testNullRecordSeparatorCsv106() should not be static" type="java.lang.Exception">java.lang.Exception: Method testNullRecordSeparatorCsv106() should not be static
</error>
  </testcase>
  <testcase name="initializationError" classname="org.apache.commons.csv.CSVFormatTest" time="0">
    <error message="Method testEqualsQuoteChar() should not be static" type="java.lang.Exception">java.lang.Exception: Method testEqualsQuoteChar() should not be static
</error>
  </testcase>
  <testcase name="initializationError" classname="org.apache.commons.csv.CSVFormatTest" time="0">
    <error message="Method testEqualsSkipHeaderRecord() should not be static" type="java.lang.Exception">java.lang.Exception: Method testEqualsSkipHeaderRecord() should not be static
</error>
  </testcase>
  <testcase name="initializationError" classname="org.apache.commons.csv.CSVFormatTest" time="0">
    <error message="Method testQuoteCharSameAsCommentStartThrowsException() should not be static" type="java.lang.Exception">java.lang.Exception: Method testQuoteCharSameAsCommentStartThrowsException() should not be static
</error>
  </testcase>
  <testcase name="initializationError" classname="org.apache.commons.csv.CSVFormatTest" time="0">
    <error message="Method testWithRecordSeparatorCR() should not be static" type="java.lang.Exception">java.lang.Exception: Method testWithRecordSeparatorCR() should not be static
</error>
  </testcase>
  <testcase name="initializationError" classname="org.apache.commons.csv.CSVFormatTest" time="0">
    <error message="Method testWithRecordSeparatorLF() should not be static" type="java.lang.Exception">java.lang.Exception: Method testWithRecordSeparatorLF() should not be static
</error>
  </testcase>
  <testcase name="initializationError" classname="org.apache.commons.csv.CSVFormatTest" time="0">
    <error message="Method testWithEscapeCRThrowsExceptions() should not be static" type="java.lang.Exception">java.lang.Exception: Method testWithEscapeCRThrowsExceptions() should not be static
</error>
  </testcase>
  <testcase name="initializationError" classname="org.apache.commons.csv.CSVFormatTest" time="0">
    <error message="Method testWithIgnoreEmptyLines() should not be static" type="java.lang.Exception">java.lang.Exception: Method testWithIgnoreEmptyLines() should not be static
</error>
  </testcase>
  <testcase name="initializationError" classname="org.apache.commons.csv.CSVFormatTest" time="0">
    <error message="Method testEqualsEscape() should not be static" type="java.lang.Exception">java.lang.Exception: Method testEqualsEscape() should not be static
</error>
  </testcase>
  <testcase name="initializationError" classname="org.apache.commons.csv.CSVFormatTest" time="0.001">
    <error message="Method testEqualsHeader() should not be static" type="java.lang.Exception">java.lang.Exception: Method testEqualsHeader() should not be static
</error>
  </testcase>
  <testcase name="initializationError" classname="org.apache.commons.csv.CSVFormatTest" time="0">
    <error message="Method testEqualsIgnoreEmptyLines() should not be static" type="java.lang.Exception">java.lang.Exception: Method testEqualsIgnoreEmptyLines() should not be static
</error>
  </testcase>
  <testcase name="initializationError" classname="org.apache.commons.csv.CSVFormatTest" time="0">
    <error message="Method testWithCommentStart() should not be static" type="java.lang.Exception">java.lang.Exception: Method testWithCommentStart() should not be static
</error>
  </testcase>
  <testcase name="initializationError" classname="org.apache.commons.csv.CSVFormatTest" time="0">
    <error message="Method testWithIgnoreSurround() should not be static" type="java.lang.Exception">java.lang.Exception: Method testWithIgnoreSurround() should not be static
</error>
  </testcase>
  <testcase name="initializationError" classname="org.apache.commons.csv.CSVFormatTest" time="0">
    <error message="Method testRFC4180() should not be static" type="java.lang.Exception">java.lang.Exception: Method testRFC4180() should not be static
</error>
  </testcase>
  <testcase name="initializationError" classname="org.apache.commons.csv.CSVFormatTest" time="0">
    <error message="Method testEscapeSameAsCommentStartThrowsException() should not be static" type="java.lang.Exception">java.lang.Exception: Method testEscapeSameAsCommentStartThrowsException() should not be static
</error>
  </testcase>
  <testcase name="initializationError" classname="org.apache.commons.csv.CSVFormatTest" time="0">
    <error message="Method testDelimiterSameAsCommentStartThrowsException() should not be static" type="java.lang.Exception">java.lang.Exception: Method testDelimiterSameAsCommentStartThrowsException() should not be static
</error>
  </testcase>
  <testcase name="initializationError" classname="org.apache.commons.csv.CSVFormatTest" time="0">
    <error message="Method testEqualsDelimiter() should not be static" type="java.lang.Exception">java.lang.Exception: Method testEqualsDelimiter() should not be static
</error>
  </testcase>
  <testcase name="initializationError" classname="org.apache.commons.csv.CSVFormatTest" time="0">
    <error message="Method testQuoteCharSameAsCommentStartThrowsExceptionForWrapperType() should not be static" type="java.lang.Exception">java.lang.Exception: Method testQuoteCharSameAsCommentStartThrowsExceptionForWrapperType() should not be static
</error>
  </testcase>
  <testcase name="initializationError" classname="org.apache.commons.csv.CSVFormatTest" time="0">
    <error message="Method testEqualsNullString() should not be static" type="java.lang.Exception">java.lang.Exception: Method testEqualsNullString() should not be static
</error>
  </testcase>
  <testcase name="initializationError" classname="org.apache.commons.csv.CSVFormatTest" time="0">
    <error message="Method testWithQuotePolicy() should not be static" type="java.lang.Exception">java.lang.Exception: Method testWithQuotePolicy() should not be static
</error>
  </testcase>
  <testcase name="initializationError" classname="org.apache.commons.csv.CSVFormatTest" time="0">
    <error message="Method testEqualsQuotePolicy() should not be static" type="java.lang.Exception">java.lang.Exception: Method testEqualsQuotePolicy() should not be static
</error>
  </testcase>
  <testcase name="initializationError" classname="org.apache.commons.csv.CSVFormatTest" time="0">
    <error message="Method testEscapeSameAsCommentStartThrowsExceptionForWrapperType() should not be static" type="java.lang.Exception">java.lang.Exception: Method testEscapeSameAsCommentStartThrowsExceptionForWrapperType() should not be static
</error>
  </testcase>
  <testcase name="initializationError" classname="org.apache.commons.csv.CSVFormatTest" time="0">
    <error message="Method testEqualsRecordSeparator() should not be static" type="java.lang.Exception">java.lang.Exception: Method testEqualsRecordSeparator() should not be static
</error>
  </testcase>
  <testcase name="initializationError" classname="org.apache.commons.csv.CSVFormatTest" time="0">
    <error message="Method testWithCommentStartCRThrowsException() should not be static" type="java.lang.Exception">java.lang.Exception: Method testWithCommentStartCRThrowsException() should not be static
</error>
  </testcase>
  <testcase name="initializationError" classname="org.apache.commons.csv.CSVFormatTest" time="0">
    <error message="Method testQuoteCharSameAsDelimiterThrowsException() should not be static" type="java.lang.Exception">java.lang.Exception: Method testQuoteCharSameAsDelimiterThrowsException() should not be static
</error>
  </testcase>
  <testcase name="initializationError" classname="org.apache.commons.csv.CSVFormatTest" time="0">
    <error message="Method testWithDelimiterLFThrowsException() should not be static" type="java.lang.Exception">java.lang.Exception: Method testWithDelimiterLFThrowsException() should not be static
</error>
  </testcase>
  <testcase name="initializationError" classname="org.apache.commons.csv.CSVFormatTest" time="0">
    <error message="Method testDelimiterSameAsEscapeThrowsException() should not be static" type="java.lang.Exception">java.lang.Exception: Method testDelimiterSameAsEscapeThrowsException() should not be static
</error>
  </testcase>
  <testcase name="initializationError" classname="org.apache.commons.csv.CSVFormatTest" time="0">
    <error message="Method testWithEscape() should not be static" type="java.lang.Exception">java.lang.Exception: Method testWithEscape() should not be static
</error>
  </testcase>
  <testcase name="initializationError" classname="org.apache.commons.csv.CSVFormatTest" time="0">
    <error message="Method testWithHeader() should not be static" type="java.lang.Exception">java.lang.Exception: Method testWithHeader() should not be static
</error>
  </testcase>
  <testcase name="initializationError" classname="org.apache.commons.csv.CSVFormatTest" time="0">
    <error message="Method testGetHeader() should not be static" type="java.lang.Exception">java.lang.Exception: Method testGetHeader() should not be static
</error>
  </testcase>
  <testcase name="initializationError" classname="org.apache.commons.csv.CSVFormatTest" time="0">
    <error message="Method testWithQuoteChar() should not be static" type="java.lang.Exception">java.lang.Exception: Method testWithQuoteChar() should not be static
</error>
  </testcase>
  <testcase name="initializationError" classname="org.apache.commons.csv.CSVFormatTest" time="0">
    <error message="Method testEquals() should not be static" type="java.lang.Exception">java.lang.Exception: Method testEquals() should not be static
</error>
  </testcase>
  <testcase name="initializationError" classname="org.apache.commons.csv.CSVFormatTest" time="0.001">
    <error message="Method testWithEmptyEnum() should not be static" type="java.lang.Exception">java.lang.Exception: Method testWithEmptyEnum() should not be static
</error>
  </testcase>
  <testcase name="initializationError" classname="org.apache.commons.csv.CSVFormatTest" time="0">
    <error message="Method testFormat() should not be static" type="java.lang.Exception">java.lang.Exception: Method testFormat() should not be static
</error>
  </testcase>
  <testcase name="initializationError" classname="org.apache.commons.csv.CSVFormatTest" time="0">
    <error message="Method testWithRecordSeparatorCRLF() should not be static" type="java.lang.Exception">java.lang.Exception: Method testWithRecordSeparatorCRLF() should not be static
</error>
  </testcase>
  <testcase name="initializationError" classname="org.apache.commons.csv.CSVFormatTest" time="0">
    <error message="Method testDuplicateHeaderElements() should not be static" type="java.lang.Exception">java.lang.Exception: Method testDuplicateHeaderElements() should not be static
</error>
  </testcase>
  <testcase name="initializationError" classname="org.apache.commons.csv.CSVFormatTest" time="0">
    <error message="Method testWithNullString() should not be static" type="java.lang.Exception">java.lang.Exception: Method testWithNullString() should not be static
</error>
  </testcase>
  <testcase name="initializationError" classname="org.apache.commons.csv.CSVFormatTest" time="0">
    <error message="Method testWithHeaderEnum() should not be static" type="java.lang.Exception">java.lang.Exception: Method testWithHeaderEnum() should not be static
</error>
  </testcase>
</testsuite>