<?xml version="1.0" encoding="UTF-8"?>
<testsuite xmlns:xsi="http://www.w3.org/2001/XMLSchema-instance" xsi:schemaLocation="https://maven.apache.org/surefire/maven-surefire-plugin/xsd/surefire-test-report.xsd" name="org.apache.commons.lang3.builder.HashCodeBuilderTest" time="0.005" tests="45" errors="0" skipped="0" failures="0">
  <properties>
[...]
</properties>
  <testcase name="testCharArray" classname="org.apache.commons.lang3.builder.HashCodeBuilderTest" time="0.001"/>
  <testcase name="testConstructorExEvenSecond" classname="org.apache.commons.lang3.builder.HashCodeBuilderTest" time="0"/>
  <testcase name="testConstructorExEvenFirst" classname="org.apache.commons.lang3.builder.HashCodeBuilderTest" time="0"/>
  <testcase name="testObjectArray" classname="org.apache.commons.lang3.builder.HashCodeBuilderTest" time="0"/>
  <testcase name="testObjectBuild" classname="org.apache.commons.lang3.builder.HashCodeBuilderTest" time="0"/>
  <testcase name="testCharArrayAsObject" classname="org.apache.commons.lang3.builder.HashCodeBuilderTest" time="0"/>
  <testcase name="testFloatArray" classname="org.apache.commons.lang3.builder.HashCodeBuilderTest" time="0"/>
  <testcase name="testInt" classname="org.apache.commons.lang3.builder.HashCodeBuilderTest" time="0"/>
  <testcase name="testByteArray" classname="org.apache.commons.lang3.builder.HashCodeBuilderTest" time="0"/>
  <testcase name="testFloat" classname="org.apache.commons.lang3.builder.HashCodeBuilderTest" time="0"/>
  <testcase name="testShort" classname="org.apache.commons.lang3.builder.HashCodeBuilderTest" time="0"/>
  <testcase name="testSuper" classname="org.apache.commons.lang3.builder.HashCodeBuilderTest" time="0"/>
  <testcase name="testByte" classname="org.apache.commons.lang3.builder.HashCodeBuilderTest" time="0"/>
  <testcase name="testChar" classname="org.apache.commons.lang3.builder.HashCodeBuilderTest" time="0"/>
  <testcase name="testLong" classname="org.apache.commons.lang3.builder.HashCodeBuilderTest" time="0"/>
  <testcase name="testFloatArrayAsObject" classname="org.apache.commons.lang3.builder.HashCodeBuilderTest" time="0"/>
  <testcase name="testToHashCodeExclude" classname="org.apache.commons.lang3.builder.HashCodeBuilderTest" time="0.002"/>
  <testcase name="testConstructorExZero" classname="org.apache.commons.lang3.builder.HashCodeBuilderTest" time="0"/>
  <testcase name="testIntArrayAsObject" classname="org.apache.commons.lang3.builder.HashCodeBuilderTest" time="0"/>
  <testcase name="testReflectionHashCodeEx1" classname="org.apache.commons.lang3.builder.HashCodeBuilderTest" time="0"/>
  <testcase name="testReflectionHashCodeEx2" classname="org.apache.commons.lang3.builder.HashCodeBuilderTest" time="0"/>
  <testcase name="testReflectionHashCodeEx3" classname="org.apache.commons.lang3.builder.HashCodeBuilderTest" time="0"/>
  <testcase name="testBoolean" classname="org.apache.commons.lang3.builder.HashCodeBuilderTest" time="0"/>
  <testcase name="testBooleanArray" classname="org.apache.commons.lang3.builder.HashCodeBuilderTest" time="0.001"/>
  <testcase name="testDoubleArrayAsObject" classname="org.apache.commons.lang3.builder.HashCodeBuilderTest" time="0"/>
  <testcase name="testReflectionHierarchyHashCodeEx1" classname="org.apache.commons.lang3.builder.HashCodeBuilderTest" time="0"/>
  <testcase name="testReflectionHierarchyHashCodeEx2" classname="org.apache.commons.lang3.builder.HashCodeBuilderTest" time="0"/>
  <testcase name="testReflectionObjectCycle" classname="org.apache.commons.lang3.builder.HashCodeBuilderTest" time="0"/>
  <testcase name="testReflectionHierarchyHashCode" classname="org.apache.commons.lang3.builder.HashCodeBuilderTest" time="0"/>
  <testcase name="testObjectArrayAsObject" classname="org.apache.commons.lang3.builder.HashCodeBuilderTest" time="0"/>
  <testcase name="testBooleanMultiArray" classname="org.apache.commons.lang3.builder.HashCodeBuilderTest" time="0"/>
  <testcase name="testLongArray" classname="org.apache.commons.lang3.builder.HashCodeBuilderTest" time="0.001"/>
  <testcase name="testShortArray" classname="org.apache.commons.lang3.builder.HashCodeBuilderTest" time="0"/>
  <testcase name="testIntArray" classname="org.apache.commons.lang3.builder.HashCodeBuilderTest" time="0"/>
  <testcase name="testDouble" classname="org.apache.commons.lang3.builder.HashCodeBuilderTest" time="0"/>
  <testcase name="testToHashCodeEqualsHashCode" classname="org.apache.commons.lang3.builder.HashCodeBuilderTest" time="0"/>
  <testcase name="testReflectionHashCode" classname="org.apache.commons.lang3.builder.HashCodeBuilderTest" time="0"/>
  <testcase name="testObject" classname="org.apache.commons.lang3.builder.HashCodeBuilderTest" time="0"/>
  <testcase name="testLongArrayAsObject" classname="org.apache.commons.lang3.builder.HashCodeBuilderTest" time="0"/>
  <testcase name="testByteArrayAsObject" classname="org.apache.commons.lang3.builder.HashCodeBuilderTest" time="0"/>
  <testcase name="testConstructorExEvenNegative" classname="org.apache.commons.lang3.builder.HashCodeBuilderTest" time="0"/>
  <testcase name="testReflectionHashCodeExcludeFields" classname="org.apache.commons.lang3.builder.HashCodeBuilderTest" time="0"/>
  <testcase name="testShortArrayAsObject" classname="org.apache.commons.lang3.builder.HashCodeBuilderTest" time="0"/>
  <testcase name="testDoubleArray" classname="org.apache.commons.lang3.builder.HashCodeBuilderTest" time="0"/>
  <testcase name="testBooleanArrayAsObject" classname="org.apache.commons.lang3.builder.HashCodeBuilderTest" time="0"/>
</testsuite>